[src:9RKC:POI] P01116 HTTP 400: {
  "status" : 400,
  "message" : "Invalid request to the [ text ] service: search is not enabled on [ rcsb_entry_info.deposited_nonpolymer_entity_count ] attribute",
  "link" : "https://search.rcsb.org/redoc/index.html"
}
[src:9RKC:E3] P40337 HTTP 400: {
  "status" : 400,
  "message" : "Invalid request to the [ text ] service: search is not enabled on [ rcsb_entry_info.deposited_nonpolymer_entity_count ] attribute",
  "link" : "https://search.rcsb.org/redoc/index.html"
}
[src:23SR:POI] P24941 HTTP 400: {
  "status" : 400,
  "message" : "Invalid request to the [ text ] service: search is not enabled on [ rcsb_entry_info.deposited_nonpolymer_entity_count ] attribute",
  "link" : "https://search.rcsb.org/redoc/index.html"
}
[src:23SR:E3] Q96SW2 HTTP 400: {
  "status" : 400,
  "message" : "Invalid request to the [ text ] service: search is not enabled on [ rcsb_entry_info.deposited_nonpolymer_entity_count ] attribute",
  "link" : "https://search.rcsb.org/redoc/index.html"
}
[src:9SAF:POI] O60885 HTTP 400: {
  "status" : 400,
  "message" : "Invalid request to the [ text ] service: search is not enabled on [ rcsb_entry_info.deposited_nonpolymer_entity_count ] attribute",
  "link" : "https://search.rcsb.org/redoc/index.html"
}
[src:9SAF:E3] Q96SW2 HTTP 400: {
  "status" : 400,
  "message" : "Invalid request to the [ text ] service: search is not enabled on [ rcsb_entry_info.deposited_nonpolymer_entity_count ] attribute",
  "link" : "https://search.rcsb.org/redoc/index.html"
}

9RKC  POI=KRAS G12D(P01116)  E3=VHL(P40337)
  POI binary candidates: []
  E3  binary candidates: []

23SR  POI=CDK2(P24941)  E3=CRBN(Q96SW2)
  POI binary candidates: []
  E3  binary candidates: []

9SAF  POI=BRD4-BD1(O60885)  E3=CRBN(Q96SW2)
  POI binary candidates: []
  E3  binary candidates: []
